<?xml version="1.0" encoding="UTF-8"?>
<!-- Generated by org.testng.reporters.JUnitXMLReporter -->
<testsuite ignored="2" hostname="SAG-9C0WTG3" failures="0" tests="5" name="1" time="136.556" errors="0" timestamp="2024-02-23T17:01:56 IST">
  <testcase classname="testcases.RegisterValidUserTest" name="performSignUp" time="43.42"/>
  <testcase classname="testcases.RegisterValidUserTest" name="loginWithValidCredentials" time="18.196"/>
  <testcase classname="testcases.RegisterValidUserTest" name="logoutTest" time="32.084"/>
  <testcase classname="testcases.RegisterValidUserTest" name="performSignUpWithExistingEmail" time="1.888"/>
  <testcase classname="testcases.LoginInvalidUserTest" name="loginwithInvalidCredentials" time="2.432"/>
  <testcase classname="com.base.Base" name="@BeforeSuite initializeConfig" time="0.0">
    <ignored/>
  </testcase> <!-- @BeforeSuite initializeConfig -->
  <testcase classname="com.base.Base" name="@AfterSuite flush" time="0.0">
    <ignored/>
  </testcase> <!-- @AfterSuite flush -->
</testsuite> <!-- 1 -->
