<?xml version="1.0" encoding="UTF-8"?>
<testsuite xmlns:xsi="http://www.w3.org/2001/XMLSchema-instance" xsi:noNamespaceSchemaLocation="https://maven.apache.org/surefire/maven-surefire-plugin/xsd/surefire-test-report-3.0.xsd" version="3.0" name="TestSuite" time="139.195" tests="5" errors="0" skipped="0" failures="0">
  <properties>
[...]
</properties>
  <testcase name="performSignUp[Nayan, Gogoi, nayangogoi744@gmail.com, Mr., manage123, 15, July, 1991, DemoCompany, Borholla, Mohimabari, India, Assam, Golaghat, 785462, 7788665544](1)" classname="testcases.RegisterValidUserTest" time="43.421">
    <system-out><![CDATA[Total row 2
Total columns 16
Logged in as Nayan
Logged in as Nayan
]]></system-out>
    <system-err><![CDATA[SLF4J: Failed to load class "org.slf4j.impl.StaticLoggerBinder".
SLF4J: Defaulting to no-operation (NOP) logger implementation
SLF4J: See http://www.slf4j.org/codes.html#StaticLoggerBinder for further details.
Feb 23, 2024 4:59:42 PM org.openqa.selenium.devtools.CdpVersionFinder findNearestMatch
WARNING: Unable to find an exact match for CDP version 122, returning the closest version; found: 120; Please update to a Selenium version that supports CDP version 122
]]></system-err>
  </testcase>
  <testcase name="loginWithValidCredentials[Nayan, Gogoi, nayangogoi744@gmail.com, Mr., manage123, 15, July, 1991, DemoCompany, Borholla, Mohimabari, India, Assam, Golaghat, 785462, 7788665544](1)" classname="testcases.RegisterValidUserTest" time="18.196">
    <system-out><![CDATA[Total row 2
Total columns 16
Logged in as Nayan
Logged in as Nayan
]]></system-out>
    <system-err><![CDATA[Feb 23, 2024 5:00:32 PM org.openqa.selenium.devtools.CdpVersionFinder findNearestMatch
WARNING: Unable to find an exact match for CDP version 122, returning the closest version; found: 120; Please update to a Selenium version that supports CDP version 122
]]></system-err>
  </testcase>
  <testcase name="logoutTest[Nayan, Gogoi, nayangogoi744@gmail.com, Mr., manage123, 15, July, 1991, DemoCompany, Borholla, Mohimabari, India, Assam, Golaghat, 785462, 7788665544](1)" classname="testcases.RegisterValidUserTest" time="32.084">
    <system-out><![CDATA[Total row 2
Total columns 16
Logged in as Nayan
Logged in as Nayan
]]></system-out>
    <system-err><![CDATA[Feb 23, 2024 5:01:00 PM org.openqa.selenium.devtools.CdpVersionFinder findNearestMatch
WARNING: Unable to find an exact match for CDP version 122, returning the closest version; found: 120; Please update to a Selenium version that supports CDP version 122
]]></system-err>
  </testcase>
  <testcase name="performSignUpWithExistingEmail[Nayan, Gogoi, nayangogoi744@gmail.com, Mr., manage123, 15, July, 1991, DemoCompany, Borholla, Mohimabari, India, Assam, Golaghat, 785462, 7788665544](1)" classname="testcases.RegisterValidUserTest" time="1.888">
    <system-out><![CDATA[Total row 2
Total columns 16
]]></system-out>
    <system-err><![CDATA[Feb 23, 2024 5:01:41 PM org.openqa.selenium.devtools.CdpVersionFinder findNearestMatch
WARNING: Unable to find an exact match for CDP version 122, returning the closest version; found: 120; Please update to a Selenium version that supports CDP version 122
]]></system-err>
  </testcase>
  <testcase name="loginwithInvalidCredentials[nayangogoi@gmail.com, nayan123](1)" classname="testcases.LoginInvalidUserTest" time="2.431">
    <system-out><![CDATA[Total row 2
Total columns 2
]]></system-out>
    <system-err><![CDATA[Feb 23, 2024 5:01:49 PM org.openqa.selenium.devtools.CdpVersionFinder findNearestMatch
WARNING: Unable to find an exact match for CDP version 122, returning the closest version; found: 120; Please update to a Selenium version that supports CDP version 122
]]></system-err>
  </testcase>
</testsuite>