<?xml version="1.0" encoding="UTF-8"?>
<testng-results ignored="0" total="5" passed="5" failed="0" skipped="0">
  <reporter-output>
  </reporter-output>
  <suite started-at="2024-02-23T16:59:39 IST" name="TestSuite" finished-at="2024-02-23T17:01:56 IST" duration-ms="136556">
    <groups>
    </groups>
    <test started-at="2024-02-23T16:59:39 IST" name="1" finished-at="2024-02-23T17:01:56 IST" duration-ms="136556">
      <class name="testcases.LoginInvalidUserTest">
        <test-method is-config="true" signature="setup(java.lang.String)[pri:0, instance:testcases.LoginInvalidUserTest@31be6b49]" started-at="2024-02-23T17:01:47 IST" name="setup" finished-at="2024-02-23T17:01:53 IST" duration-ms="5863" status="PASS">
          <params>
            <param index="0">
              <value>
                <![CDATA[chrome]]>
              </value>
            </param>
          </params>
          <reporter-output>
          </reporter-output>
        </test-method> <!-- setup -->
        <test-method signature="loginwithInvalidCredentials(java.lang.String,java.lang.String)[pri:0, instance:testcases.LoginInvalidUserTest@31be6b49]" started-at="2024-02-23T17:01:53 IST" name="loginwithInvalidCredentials" data-provider="myprovider" finished-at="2024-02-23T17:01:56 IST" duration-ms="2432" status="PASS">
          <params>
            <param index="0">
              <value>
                <![CDATA[nayangogoi@gmail.com]]>
              </value>
            </param>
            <param index="1">
              <value>
                <![CDATA[nayan123]]>
              </value>
            </param>
          </params>
          <reporter-output>
          </reporter-output>
        </test-method> <!-- loginwithInvalidCredentials -->
        <test-method is-config="true" signature="teardown()[pri:0, instance:testcases.LoginInvalidUserTest@31be6b49]" started-at="2024-02-23T17:01:56 IST" name="teardown" finished-at="2024-02-23T17:01:56 IST" duration-ms="121" status="PASS">
          <reporter-output>
          </reporter-output>
        </test-method> <!-- teardown -->
      </class> <!-- testcases.LoginInvalidUserTest -->
      <class name="testcases.RegisterValidUserTest">
        <test-method is-config="true" signature="initializeConfig()[pri:0, instance:testcases.RegisterValidUserTest@15fc442]" started-at="2024-02-23T16:59:39 IST" name="initializeConfig" finished-at="2024-02-23T16:59:39 IST" duration-ms="10" status="PASS">
          <reporter-output>
          </reporter-output>
        </test-method> <!-- initializeConfig -->
        <test-method is-config="true" signature="setup(java.lang.String)[pri:0, instance:testcases.RegisterValidUserTest@15fc442]" started-at="2024-02-23T16:59:40 IST" name="setup" finished-at="2024-02-23T16:59:47 IST" duration-ms="7282" status="PASS">
          <params>
            <param index="0">
              <value>
                <![CDATA[chrome]]>
              </value>
            </param>
          </params>
          <reporter-output>
          </reporter-output>
        </test-method> <!-- setup -->
        <test-method signature="performSignUp(java.lang.String,java.lang.String,java.lang.String,java.lang.String,java.lang.String,java.lang.String,java.lang.String,java.lang.String,java.lang.String,java.lang.String,java.lang.String,java.lang.String,java.lang.String,java.lang.String,java.lang.String,java.lang.String)[pri:1, instance:testcases.RegisterValidUserTest@15fc442]" started-at="2024-02-23T16:59:47 IST" name="performSignUp" data-provider="myprovider" finished-at="2024-02-23T17:00:31 IST" duration-ms="43420" status="PASS">
          <params>
            <param index="0">
              <value>
                <![CDATA[Nayan]]>
              </value>
            </param>
            <param index="1">
              <value>
                <![CDATA[Gogoi]]>
              </value>
            </param>
            <param index="2">
              <value>
                <![CDATA[nayangogoi744@gmail.com]]>
              </value>
            </param>
            <param index="3">
              <value>
                <![CDATA[Mr.]]>
              </value>
            </param>
            <param index="4">
              <value>
                <![CDATA[manage123]]>
              </value>
            </param>
            <param index="5">
              <value>
                <![CDATA[15]]>
              </value>
            </param>
            <param index="6">
              <value>
                <![CDATA[July]]>
              </value>
            </param>
            <param index="7">
              <value>
                <![CDATA[1991]]>
              </value>
            </param>
            <param index="8">
              <value>
                <![CDATA[DemoCompany]]>
              </value>
            </param>
            <param index="9">
              <value>
                <![CDATA[Borholla]]>
              </value>
            </param>
            <param index="10">
              <value>
                <![CDATA[Mohimabari]]>
              </value>
            </param>
            <param index="11">
              <value>
                <![CDATA[India]]>
              </value>
            </param>
            <param index="12">
              <value>
                <![CDATA[Assam]]>
              </value>
            </param>
            <param index="13">
              <value>
                <![CDATA[Golaghat]]>
              </value>
            </param>
            <param index="14">
              <value>
                <![CDATA[785462]]>
              </value>
            </param>
            <param index="15">
              <value>
                <![CDATA[7788665544]]>
              </value>
            </param>
          </params>
          <reporter-output>
          </reporter-output>
        </test-method> <!-- performSignUp -->
        <test-method is-config="true" signature="teardown()[pri:0, instance:testcases.RegisterValidUserTest@15fc442]" started-at="2024-02-23T17:00:31 IST" name="teardown" finished-at="2024-02-23T17:00:31 IST" duration-ms="121" status="PASS">
          <reporter-output>
          </reporter-output>
        </test-method> <!-- teardown -->
        <test-method is-config="true" signature="setup(java.lang.String)[pri:0, instance:testcases.RegisterValidUserTest@15fc442]" started-at="2024-02-23T17:00:31 IST" name="setup" finished-at="2024-02-23T17:00:40 IST" duration-ms="9703" status="PASS">
          <params>
            <param index="0">
              <value>
                <![CDATA[chrome]]>
              </value>
            </param>
          </params>
          <reporter-output>
          </reporter-output>
        </test-method> <!-- setup -->
        <test-method signature="loginWithValidCredentials(java.lang.String,java.lang.String,java.lang.String,java.lang.String,java.lang.String,java.lang.String,java.lang.String,java.lang.String,java.lang.String,java.lang.String,java.lang.String,java.lang.String,java.lang.String,java.lang.String,java.lang.String,java.lang.String)[pri:2, instance:testcases.RegisterValidUserTest@15fc442]" started-at="2024-02-23T17:00:40 IST" name="loginWithValidCredentials" data-provider="myprovider" finished-at="2024-02-23T17:00:59 IST" duration-ms="18196" status="PASS">
          <params>
            <param index="0">
              <value>
                <![CDATA[Nayan]]>
              </value>
            </param>
            <param index="1">
              <value>
                <![CDATA[Gogoi]]>
              </value>
            </param>
            <param index="2">
              <value>
                <![CDATA[nayangogoi744@gmail.com]]>
              </value>
            </param>
            <param index="3">
              <value>
                <![CDATA[Mr.]]>
              </value>
            </param>
            <param index="4">
              <value>
                <![CDATA[manage123]]>
              </value>
            </param>
            <param index="5">
              <value>
                <![CDATA[15]]>
              </value>
            </param>
            <param index="6">
              <value>
                <![CDATA[July]]>
              </value>
            </param>
            <param index="7">
              <value>
                <![CDATA[1991]]>
              </value>
            </param>
            <param index="8">
              <value>
                <![CDATA[DemoCompany]]>
              </value>
            </param>
            <param index="9">
              <value>
                <![CDATA[Borholla]]>
              </value>
            </param>
            <param index="10">
              <value>
                <![CDATA[Mohimabari]]>
              </value>
            </param>
            <param index="11">
              <value>
                <![CDATA[India]]>
              </value>
            </param>
            <param index="12">
              <value>
                <![CDATA[Assam]]>
              </value>
            </param>
            <param index="13">
              <value>
                <![CDATA[Golaghat]]>
              </value>
            </param>
            <param index="14">
              <value>
                <![CDATA[785462]]>
              </value>
            </param>
            <param index="15">
              <value>
                <![CDATA[7788665544]]>
              </value>
            </param>
          </params>
          <reporter-output>
          </reporter-output>
        </test-method> <!-- loginWithValidCredentials -->
        <test-method is-config="true" signature="teardown()[pri:0, instance:testcases.RegisterValidUserTest@15fc442]" started-at="2024-02-23T17:00:59 IST" name="teardown" finished-at="2024-02-23T17:00:59 IST" duration-ms="107" status="PASS">
          <reporter-output>
          </reporter-output>
        </test-method> <!-- teardown -->
        <test-method is-config="true" signature="setup(java.lang.String)[pri:0, instance:testcases.RegisterValidUserTest@15fc442]" started-at="2024-02-23T17:00:59 IST" name="setup" finished-at="2024-02-23T17:01:07 IST" duration-ms="8120" status="PASS">
          <params>
            <param index="0">
              <value>
                <![CDATA[chrome]]>
              </value>
            </param>
          </params>
          <reporter-output>
          </reporter-output>
        </test-method> <!-- setup -->
        <test-method signature="logoutTest(java.lang.String,java.lang.String,java.lang.String,java.lang.String,java.lang.String,java.lang.String,java.lang.String,java.lang.String,java.lang.String,java.lang.String,java.lang.String,java.lang.String,java.lang.String,java.lang.String,java.lang.String,java.lang.String)[pri:3, instance:testcases.RegisterValidUserTest@15fc442]" started-at="2024-02-23T17:01:07 IST" name="logoutTest" data-provider="myprovider" finished-at="2024-02-23T17:01:39 IST" duration-ms="32084" status="PASS">
          <params>
            <param index="0">
              <value>
                <![CDATA[Nayan]]>
              </value>
            </param>
            <param index="1">
              <value>
                <![CDATA[Gogoi]]>
              </value>
            </param>
            <param index="2">
              <value>
                <![CDATA[nayangogoi744@gmail.com]]>
              </value>
            </param>
            <param index="3">
              <value>
                <![CDATA[Mr.]]>
              </value>
            </param>
            <param index="4">
              <value>
                <![CDATA[manage123]]>
              </value>
            </param>
            <param index="5">
              <value>
                <![CDATA[15]]>
              </value>
            </param>
            <param index="6">
              <value>
                <![CDATA[July]]>
              </value>
            </param>
            <param index="7">
              <value>
                <![CDATA[1991]]>
              </value>
            </param>
            <param index="8">
              <value>
                <![CDATA[DemoCompany]]>
              </value>
            </param>
            <param index="9">
              <value>
                <![CDATA[Borholla]]>
              </value>
            </param>
            <param index="10">
              <value>
                <![CDATA[Mohimabari]]>
              </value>
            </param>
            <param index="11">
              <value>
                <![CDATA[India]]>
              </value>
            </param>
            <param index="12">
              <value>
                <![CDATA[Assam]]>
              </value>
            </param>
            <param index="13">
              <value>
                <![CDATA[Golaghat]]>
              </value>
            </param>
            <param index="14">
              <value>
                <![CDATA[785462]]>
              </value>
            </param>
            <param index="15">
              <value>
                <![CDATA[7788665544]]>
              </value>
            </param>
          </params>
          <reporter-output>
          </reporter-output>
        </test-method> <!-- logoutTest -->
        <test-method is-config="true" signature="teardown()[pri:0, instance:testcases.RegisterValidUserTest@15fc442]" started-at="2024-02-23T17:01:39 IST" name="teardown" finished-at="2024-02-23T17:01:39 IST" duration-ms="129" status="PASS">
          <reporter-output>
          </reporter-output>
        </test-method> <!-- teardown -->
        <test-method is-config="true" signature="setup(java.lang.String)[pri:0, instance:testcases.RegisterValidUserTest@15fc442]" started-at="2024-02-23T17:01:39 IST" name="setup" finished-at="2024-02-23T17:01:45 IST" duration-ms="6246" status="PASS">
          <params>
            <param index="0">
              <value>
                <![CDATA[chrome]]>
              </value>
            </param>
          </params>
          <reporter-output>
          </reporter-output>
        </test-method> <!-- setup -->
        <test-method signature="performSignUpWithExistingEmail(java.lang.String,java.lang.String,java.lang.String,java.lang.String,java.lang.String,java.lang.String,java.lang.String,java.lang.String,java.lang.String,java.lang.String,java.lang.String,java.lang.String,java.lang.String,java.lang.String,java.lang.String,java.lang.String)[pri:4, instance:testcases.RegisterValidUserTest@15fc442]" started-at="2024-02-23T17:01:45 IST" name="performSignUpWithExistingEmail" data-provider="myprovider" finished-at="2024-02-23T17:01:47 IST" duration-ms="1888" status="PASS">
          <params>
            <param index="0">
              <value>
                <![CDATA[Nayan]]>
              </value>
            </param>
            <param index="1">
              <value>
                <![CDATA[Gogoi]]>
              </value>
            </param>
            <param index="2">
              <value>
                <![CDATA[nayangogoi744@gmail.com]]>
              </value>
            </param>
            <param index="3">
              <value>
                <![CDATA[Mr.]]>
              </value>
            </param>
            <param index="4">
              <value>
                <![CDATA[manage123]]>
              </value>
            </param>
            <param index="5">
              <value>
                <![CDATA[15]]>
              </value>
            </param>
            <param index="6">
              <value>
                <![CDATA[July]]>
              </value>
            </param>
            <param index="7">
              <value>
                <![CDATA[1991]]>
              </value>
            </param>
            <param index="8">
              <value>
                <![CDATA[DemoCompany]]>
              </value>
            </param>
            <param index="9">
              <value>
                <![CDATA[Borholla]]>
              </value>
            </param>
            <param index="10">
              <value>
                <![CDATA[Mohimabari]]>
              </value>
            </param>
            <param index="11">
              <value>
                <![CDATA[India]]>
              </value>
            </param>
            <param index="12">
              <value>
                <![CDATA[Assam]]>
              </value>
            </param>
            <param index="13">
              <value>
                <![CDATA[Golaghat]]>
              </value>
            </param>
            <param index="14">
              <value>
                <![CDATA[785462]]>
              </value>
            </param>
            <param index="15">
              <value>
                <![CDATA[7788665544]]>
              </value>
            </param>
          </params>
          <reporter-output>
          </reporter-output>
        </test-method> <!-- performSignUpWithExistingEmail -->
        <test-method is-config="true" signature="teardown()[pri:0, instance:testcases.RegisterValidUserTest@15fc442]" started-at="2024-02-23T17:01:47 IST" name="teardown" finished-at="2024-02-23T17:01:47 IST" duration-ms="82" status="PASS">
          <reporter-output>
          </reporter-output>
        </test-method> <!-- teardown -->
        <test-method is-config="true" signature="flush()[pri:0, instance:testcases.RegisterValidUserTest@15fc442]" started-at="2024-02-23T17:01:56 IST" name="flush" finished-at="2024-02-23T17:01:57 IST" duration-ms="976" status="PASS">
          <reporter-output>
          </reporter-output>
        </test-method> <!-- flush -->
      </class> <!-- testcases.RegisterValidUserTest -->
    </test> <!-- 1 -->
  </suite> <!-- TestSuite -->
</testng-results>
