<?xml version="1.0" encoding="UTF-8"?>
<testng-results ignored="0" total="1" passed="1" failed="0" skipped="0">
  <reporter-output>
  </reporter-output>
  <suite started-at="2024-02-23T13:17:16 IST" name="Default suite" finished-at="2024-02-23T13:17:17 IST" duration-ms="860">
    <groups>
    </groups>
    <test started-at="2024-02-23T13:17:16 IST" name="Default test" finished-at="2024-02-23T13:17:17 IST" duration-ms="860">
      <class name="rough.Demo">
        <test-method signature="test(java.lang.String,java.lang.String,java.lang.String,java.lang.String,java.lang.String,java.lang.String,java.lang.String,java.lang.String,java.lang.String,java.lang.String,java.lang.String,java.lang.String,java.lang.String,java.lang.String,java.lang.String,java.lang.String)[pri:0, instance:rough.Demo@563f38c4]" started-at="2024-02-23T13:17:17 IST" name="test" data-provider="dp" finished-at="2024-02-23T13:17:17 IST" duration-ms="4" status="PASS">
          <params>
            <param index="0">
              <value>
                <![CDATA[Nayan]]>
              </value>
            </param>
            <param index="1">
              <value>
                <![CDATA[Gogoi]]>
              </value>
            </param>
            <param index="2">
              <value>
                <![CDATA[nayangogoi744@gmail.com]]>
              </value>
            </param>
            <param index="3">
              <value>
                <![CDATA[Mr.]]>
              </value>
            </param>
            <param index="4">
              <value>
                <![CDATA[manage123]]>
              </value>
            </param>
            <param index="5">
              <value>
                <![CDATA[15]]>
              </value>
            </param>
            <param index="6">
              <value>
                <![CDATA[July]]>
              </value>
            </param>
            <param index="7">
              <value>
                <![CDATA[1991]]>
              </value>
            </param>
            <param index="8">
              <value>
                <![CDATA[DemoCompany]]>
              </value>
            </param>
            <param index="9">
              <value>
                <![CDATA[Borholla]]>
              </value>
            </param>
            <param index="10">
              <value>
                <![CDATA[Mohimabari]]>
              </value>
            </param>
            <param index="11">
              <value>
                <![CDATA[India]]>
              </value>
            </param>
            <param index="12">
              <value>
                <![CDATA[Assam]]>
              </value>
            </param>
            <param index="13">
              <value>
                <![CDATA[Golaghat]]>
              </value>
            </param>
            <param index="14">
              <value>
                <![CDATA[785462]]>
              </value>
            </param>
            <param index="15">
              <value>
                <![CDATA[7788665544]]>
              </value>
            </param>
          </params>
          <reporter-output>
          </reporter-output>
        </test-method> <!-- test -->
      </class> <!-- rough.Demo -->
    </test> <!-- Default test -->
  </suite> <!-- Default suite -->
</testng-results>
